{"/Users/kosuke/projects/work/friii/frontend/src/App.tsx": {"path":"/Users/kosuke/projects/work/friii/frontend/src/App.tsx","statementMap":{"0":{"start":{"line":4,"column":19},"end":{"line":4,"column":null}},"1":{"start":{"line":11,"column":15},"end":{"line":13,"column":null}},"2":{"start":{"line":15,"column":36},"end":{"line":15,"column":null}},"3":{"start":{"line":17,"column":2},"end":{"line":17,"column":null}},"4":{"start":{"line":19,"column":2},"end":{"line":44,"column":null}}},"fnMap":{"0":{"name":"App","decl":{"start":{"line":10,"column":9},"end":{"line":10,"column":15}},"loc":{"start":{"line":10,"column":15},"end":{"line":46,"column":null}},"line":10}},"branchMap":{"0":{"loc":{"start":{"line":23,"column":9},"end":{"line":23,"column":null}},"type":"binary-expr","locations":[{"start":{"line":23,"column":9},"end":{"line":23,"column":21}},{"start":{"line":23,"column":21},"end":{"line":23,"column":null}}],"line":23},"1":{"loc":{"start":{"line":24,"column":9},"end":{"line":29,"column":null}},"type":"binary-expr","locations":[{"start":{"line":24,"column":9},"end":{"line":24,"column":null}},{"start":{"line":25,"column":10},"end":{"line":29,"column":null}}],"line":24},"2":{"loc":{"start":{"line":31,"column":9},"end":{"line":34,"column":null}},"type":"binary-expr","locations":[{"start":{"line":31,"column":9},"end":{"line":31,"column":null}},{"start":{"line":32,"column":10},"end":{"line":34,"column":null}}],"line":31}},"s":{"0":0,"1":0,"2":0,"3":0,"4":0},"f":{"0":0},"b":{"0":[0,0],"1":[0,0],"2":[0,0]},"meta":{"lastBranch":3,"lastFunction":1,"lastStatement":5,"seen":{"s:4:19:4:Infinity":0,"f:10:9:10:15":0,"s:11:15:13:Infinity":1,"s:15:36:15:Infinity":2,"s:17:2:17:Infinity":3,"s:19:2:44:Infinity":4,"b:23:9:23:21:23:21:23:Infinity":0,"b:24:9:24:Infinity:25:10:29:Infinity":1,"b:31:9:31:Infinity:32:10:34:Infinity":2}}}
}
