mode: set
github.com/kuchida1981/friii/cmd/friii/main.go:17.13,19.16 2 0
github.com/kuchida1981/friii/cmd/friii/main.go:19.16,21.3 1 0
github.com/kuchida1981/friii/cmd/friii/main.go:23.2,35.47 6 0
github.com/kuchida1981/friii/internal/domain/repository/journal_mock.go:56.78,57.29 1 0
github.com/kuchida1981/friii/internal/domain/repository/journal_mock.go:57.29,58.106 1 0
github.com/kuchida1981/friii/internal/domain/repository/journal_mock.go:60.2,65.27 5 0
github.com/kuchida1981/friii/internal/domain/repository/journal_mock.go:73.3,80.2 5 0
github.com/kuchida1981/friii/internal/domain/repository/journal_mock.go:83.75,84.26 1 0
github.com/kuchida1981/friii/internal/domain/repository/journal_mock.go:84.26,85.100 1 0
github.com/kuchida1981/friii/internal/domain/repository/journal_mock.go:87.2,95.29 5 0
github.com/kuchida1981/friii/internal/domain/repository/journal_mock.go:104.3,112.2 5 0
github.com/kuchida1981/friii/internal/interface/graphql/schema.resolvers.go:14.70,16.2 1 0
github.com/kuchida1981/friii/internal/interface/graphql/schema.resolvers.go:19.67,21.2 1 0
github.com/kuchida1981/friii/internal/interface/graphql/schema.resolvers.go:24.58,24.89 1 0
github.com/kuchida1981/friii/internal/interface/graphql/schema.resolvers.go:27.52,27.80 1 0
github.com/kuchida1981/friii/internal/interface/graphql/generated/generated.go:23.63,30.2 1 0
github.com/kuchida1981/friii/internal/interface/graphql/generated/generated.go:71.49,72.21 1 0
github.com/kuchida1981/friii/internal/interface/graphql/generated/generated.go:72.21,74.3 1 0
github.com/kuchida1981/friii/internal/interface/graphql/generated/generated.go:75.2,75.21 1 0
github.com/kuchida1981/friii/internal/interface/graphql/generated/generated.go:78.141,81.32 3 0
github.com/kuchida1981/friii/internal/interface/graphql/generated/generated.go:83.23,84.40 1 0
github.com/kuchida1981/friii/internal/interface/graphql/generated/generated.go:84.40,85.9 1 0
github.com/kuchida1981/friii/internal/interface/graphql/generated/generated.go:88.3,88.59 1 0
github.com/kuchida1981/friii/internal/interface/graphql/generated/generated.go:90.20,91.37 1 0
github.com/kuchida1981/friii/internal/interface/graphql/generated/generated.go:91.37,92.9 1 0
github.com/kuchida1981/friii/internal/interface/graphql/generated/generated.go:95.3,95.56 1 0
github.com/kuchida1981/friii/internal/interface/graphql/generated/generated.go:98.2,98.17 1 0
github.com/kuchida1981/friii/internal/interface/graphql/generated/generated.go:101.78,107.35 5 0
github.com/kuchida1981/friii/internal/interface/graphql/generated/generated.go:108.17,109.54 1 0
github.com/kuchida1981/friii/internal/interface/graphql/generated/generated.go:109.54,112.13 3 0
github.com/kuchida1981/friii/internal/interface/graphql/generated/generated.go:112.13,116.5 3 0
github.com/kuchida1981/friii/internal/interface/graphql/generated/generated.go:116.10,117.50 1 0
github.com/kuchida1981/friii/internal/interface/graphql/generated/generated.go:117.50,124.6 6 0
github.com/kuchida1981/friii/internal/interface/graphql/generated/generated.go:124.11,126.6 1 0
github.com/kuchida1981/friii/internal/interface/graphql/generated/generated.go:128.4,131.42 4 0
github.com/kuchida1981/friii/internal/interface/graphql/generated/generated.go:131.42,134.5 2 0
github.com/kuchida1981/friii/internal/interface/graphql/generated/generated.go:136.4,136.20 1 0
github.com/kuchida1981/friii/internal/interface/graphql/generated/generated.go:138.20,139.54 1 0
github.com/kuchida1981/friii/internal/interface/graphql/generated/generated.go:139.54,140.14 1 0
github.com/kuchida1981/friii/internal/interface/graphql/generated/generated.go:140.14,142.5 1 0
github.com/kuchida1981/friii/internal/interface/graphql/generated/generated.go:143.4,151.5 6 0
github.com/kuchida1981/friii/internal/interface/graphql/generated/generated.go:154.10,155.86 1 0
github.com/kuchida1981/friii/internal/interface/graphql/generated/generated.go:167.76,169.12 2 0
github.com/kuchida1981/friii/internal/interface/graphql/generated/generated.go:169.12,179.31 4 0
github.com/kuchida1981/friii/internal/interface/graphql/generated/generated.go:179.31,181.4 1 0
github.com/kuchida1981/friii/internal/interface/graphql/generated/generated.go:182.3,182.27 1 0
github.com/kuchida1981/friii/internal/interface/graphql/generated/generated.go:186.79,187.29 1 0
github.com/kuchida1981/friii/internal/interface/graphql/generated/generated.go:187.29,189.3 1 0
github.com/kuchida1981/friii/internal/interface/graphql/generated/generated.go:190.2,190.51 1 0
github.com/kuchida1981/friii/internal/interface/graphql/generated/generated.go:193.86,194.29 1 0
github.com/kuchida1981/friii/internal/interface/graphql/generated/generated.go:194.29,196.3 1 0
github.com/kuchida1981/friii/internal/interface/graphql/generated/generated.go:197.2,197.81 1 0
github.com/kuchida1981/friii/internal/interface/graphql/generated/generated.go:216.122,220.16 4 0
github.com/kuchida1981/friii/internal/interface/graphql/generated/generated.go:220.16,222.3 1 0
github.com/kuchida1981/friii/internal/interface/graphql/generated/generated.go:223.2,224.18 2 0
github.com/kuchida1981/friii/internal/interface/graphql/generated/generated.go:227.126,231.16 4 0
github.com/kuchida1981/friii/internal/interface/graphql/generated/generated.go:231.16,233.3 1 0
github.com/kuchida1981/friii/internal/interface/graphql/generated/generated.go:234.2,235.18 2 0
github.com/kuchida1981/friii/internal/interface/graphql/generated/generated.go:238.122,242.16 4 0
github.com/kuchida1981/friii/internal/interface/graphql/generated/generated.go:242.16,244.3 1 0
github.com/kuchida1981/friii/internal/interface/graphql/generated/generated.go:245.2,246.18 2 0
github.com/kuchida1981/friii/internal/interface/graphql/generated/generated.go:249.127,253.16 4 0
github.com/kuchida1981/friii/internal/interface/graphql/generated/generated.go:253.16,255.3 1 0
github.com/kuchida1981/friii/internal/interface/graphql/generated/generated.go:256.2,257.18 2 0
github.com/kuchida1981/friii/internal/interface/graphql/generated/generated.go:260.123,264.16 4 0
github.com/kuchida1981/friii/internal/interface/graphql/generated/generated.go:264.16,266.3 1 0
github.com/kuchida1981/friii/internal/interface/graphql/generated/generated.go:267.2,268.18 2 0
github.com/kuchida1981/friii/internal/interface/graphql/generated/generated.go:279.119,285.42 1 0
github.com/kuchida1981/friii/internal/interface/graphql/generated/generated.go:285.42,287.4 1 0
github.com/kuchida1981/friii/internal/interface/graphql/generated/generated.go:295.143,301.97 1 0
github.com/kuchida1981/friii/internal/interface/graphql/generated/generated.go:301.97,303.4 1 0
github.com/kuchida1981/friii/internal/interface/graphql/generated/generated.go:305.2,305.16 1 0
github.com/kuchida1981/friii/internal/interface/graphql/generated/generated.go:308.116,314.42 1 0
github.com/kuchida1981/friii/internal/interface/graphql/generated/generated.go:314.42,316.4 1 0
github.com/kuchida1981/friii/internal/interface/graphql/generated/generated.go:324.140,330.97 1 0
github.com/kuchida1981/friii/internal/interface/graphql/generated/generated.go:330.97,332.4 1 0
github.com/kuchida1981/friii/internal/interface/graphql/generated/generated.go:334.2,334.16 1 0
github.com/kuchida1981/friii/internal/interface/graphql/generated/generated.go:337.118,343.42 1 0
github.com/kuchida1981/friii/internal/interface/graphql/generated/generated.go:343.42,346.4 2 0
github.com/kuchida1981/friii/internal/interface/graphql/generated/generated.go:354.144,360.97 1 0
github.com/kuchida1981/friii/internal/interface/graphql/generated/generated.go:360.97,361.22 1 0
github.com/kuchida1981/friii/internal/interface/graphql/generated/generated.go:362.16,363.51 1 0
github.com/kuchida1981/friii/internal/interface/graphql/generated/generated.go:364.16,365.51 1 0
github.com/kuchida1981/friii/internal/interface/graphql/generated/generated.go:366.23,367.58 1 0
github.com/kuchida1981/friii/internal/interface/graphql/generated/generated.go:368.26,369.61 1 0
github.com/kuchida1981/friii/internal/interface/graphql/generated/generated.go:370.18,371.53 1 0
github.com/kuchida1981/friii/internal/interface/graphql/generated/generated.go:372.22,373.57 1 0
github.com/kuchida1981/friii/internal/interface/graphql/generated/generated.go:374.25,375.60 1 0
github.com/kuchida1981/friii/internal/interface/graphql/generated/generated.go:376.22,377.57 1 0
github.com/kuchida1981/friii/internal/interface/graphql/generated/generated.go:378.23,379.58 1 0
github.com/kuchida1981/friii/internal/interface/graphql/generated/generated.go:380.18,381.53 1 0
github.com/kuchida1981/friii/internal/interface/graphql/generated/generated.go:382.19,383.54 1 0
github.com/kuchida1981/friii/internal/interface/graphql/generated/generated.go:385.4,385.87 1 0
github.com/kuchida1981/friii/internal/interface/graphql/generated/generated.go:388.2,388.15 1 0
github.com/kuchida1981/friii/internal/interface/graphql/generated/generated.go:388.15,389.31 1 0
github.com/kuchida1981/friii/internal/interface/graphql/generated/generated.go:389.31,392.4 2 0
github.com/kuchida1981/friii/internal/interface/graphql/generated/generated.go:394.2,395.97 2 0
github.com/kuchida1981/friii/internal/interface/graphql/generated/generated.go:395.97,398.3 2 0
github.com/kuchida1981/friii/internal/interface/graphql/generated/generated.go:399.2,399.16 1 0
github.com/kuchida1981/friii/internal/interface/graphql/generated/generated.go:402.120,408.42 1 0
github.com/kuchida1981/friii/internal/interface/graphql/generated/generated.go:408.42,410.4 1 0
github.com/kuchida1981/friii/internal/interface/graphql/generated/generated.go:418.144,424.97 1 0
github.com/kuchida1981/friii/internal/interface/graphql/generated/generated.go:424.97,425.22 1 0
github.com/kuchida1981/friii/internal/interface/graphql/generated/generated.go:426.23,427.60 1 0
github.com/kuchida1981/friii/internal/interface/graphql/generated/generated.go:428.17,429.54 1 0
github.com/kuchida1981/friii/internal/interface/graphql/generated/generated.go:430.21,431.58 1 0
github.com/kuchida1981/friii/internal/interface/graphql/generated/generated.go:432.24,433.61 1 0
github.com/kuchida1981/friii/internal/interface/graphql/generated/generated.go:434.28,435.65 1 0
github.com/kuchida1981/friii/internal/interface/graphql/generated/generated.go:436.22,437.59 1 0
github.com/kuchida1981/friii/internal/interface/graphql/generated/generated.go:439.4,439.89 1 0
github.com/kuchida1981/friii/internal/interface/graphql/generated/generated.go:442.2,442.16 1 0
github.com/kuchida1981/friii/internal/interface/graphql/generated/generated.go:445.152,451.42 1 0
github.com/kuchida1981/friii/internal/interface/graphql/generated/generated.go:451.42,453.4 1 0
github.com/kuchida1981/friii/internal/interface/graphql/generated/generated.go:461.146,467.97 1 0
github.com/kuchida1981/friii/internal/interface/graphql/generated/generated.go:467.97,469.4 1 0
github.com/kuchida1981/friii/internal/interface/graphql/generated/generated.go:471.2,471.16 1 0
github.com/kuchida1981/friii/internal/interface/graphql/generated/generated.go:474.159,480.42 1 0
github.com/kuchida1981/friii/internal/interface/graphql/generated/generated.go:480.42,482.4 1 0
github.com/kuchida1981/friii/internal/interface/graphql/generated/generated.go:490.153,496.97 1 0
github.com/kuchida1981/friii/internal/interface/graphql/generated/generated.go:496.97,498.4 1 0
github.com/kuchida1981/friii/internal/interface/graphql/generated/generated.go:500.2,500.16 1 0
github.com/kuchida1981/friii/internal/interface/graphql/generated/generated.go:503.160,509.42 1 0
github.com/kuchida1981/friii/internal/interface/graphql/generated/generated.go:509.42,511.4 1 0
github.com/kuchida1981/friii/internal/interface/graphql/generated/generated.go:519.154,525.97 1 0
github.com/kuchida1981/friii/internal/interface/graphql/generated/generated.go:525.97,527.4 1 0
github.com/kuchida1981/friii/internal/interface/graphql/generated/generated.go:529.2,529.16 1 0
github.com/kuchida1981/friii/internal/interface/graphql/generated/generated.go:532.157,538.42 1 0
github.com/kuchida1981/friii/internal/interface/graphql/generated/generated.go:538.42,540.4 1 0
github.com/kuchida1981/friii/internal/interface/graphql/generated/generated.go:548.151,554.97 1 0
github.com/kuchida1981/friii/internal/interface/graphql/generated/generated.go:554.97,556.4 1 0
github.com/kuchida1981/friii/internal/interface/graphql/generated/generated.go:558.2,558.16 1 0
github.com/kuchida1981/friii/internal/interface/graphql/generated/generated.go:561.152,567.42 1 0
github.com/kuchida1981/friii/internal/interface/graphql/generated/generated.go:567.42,569.4 1 0
github.com/kuchida1981/friii/internal/interface/graphql/generated/generated.go:577.148,583.97 1 0
github.com/kuchida1981/friii/internal/interface/graphql/generated/generated.go:583.97,584.22 1 0
github.com/kuchida1981/friii/internal/interface/graphql/generated/generated.go:585.16,586.57 1 0
github.com/kuchida1981/friii/internal/interface/graphql/generated/generated.go:587.23,588.64 1 0
github.com/kuchida1981/friii/internal/interface/graphql/generated/generated.go:589.16,590.57 1 0
github.com/kuchida1981/friii/internal/interface/graphql/generated/generated.go:591.24,592.65 1 0
github.com/kuchida1981/friii/internal/interface/graphql/generated/generated.go:593.24,594.65 1 0
github.com/kuchida1981/friii/internal/interface/graphql/generated/generated.go:595.29,596.70 1 0
github.com/kuchida1981/friii/internal/interface/graphql/generated/generated.go:598.4,598.93 1 0
github.com/kuchida1981/friii/internal/interface/graphql/generated/generated.go:601.2,601.15 1 0
github.com/kuchida1981/friii/internal/interface/graphql/generated/generated.go:601.15,602.31 1 0
github.com/kuchida1981/friii/internal/interface/graphql/generated/generated.go:602.31,605.4 2 0
github.com/kuchida1981/friii/internal/interface/graphql/generated/generated.go:607.2,608.101 2 0
github.com/kuchida1981/friii/internal/interface/graphql/generated/generated.go:608.101,611.3 2 0
github.com/kuchida1981/friii/internal/interface/graphql/generated/generated.go:612.2,612.16 1 0
github.com/kuchida1981/friii/internal/interface/graphql/generated/generated.go:615.152,621.42 1 0
github.com/kuchida1981/friii/internal/interface/graphql/generated/generated.go:621.42,623.4 1 0
github.com/kuchida1981/friii/internal/interface/graphql/generated/generated.go:631.146,637.97 1 0
github.com/kuchida1981/friii/internal/interface/graphql/generated/generated.go:637.97,639.4 1 0
github.com/kuchida1981/friii/internal/interface/graphql/generated/generated.go:641.2,641.16 1 0
github.com/kuchida1981/friii/internal/interface/graphql/generated/generated.go:644.159,650.42 1 0
github.com/kuchida1981/friii/internal/interface/graphql/generated/generated.go:650.42,652.4 1 0
github.com/kuchida1981/friii/internal/interface/graphql/generated/generated.go:660.153,666.97 1 0
github.com/kuchida1981/friii/internal/interface/graphql/generated/generated.go:666.97,668.4 1 0
github.com/kuchida1981/friii/internal/interface/graphql/generated/generated.go:670.2,670.16 1 0
github.com/kuchida1981/friii/internal/interface/graphql/generated/generated.go:673.160,679.42 1 0
github.com/kuchida1981/friii/internal/interface/graphql/generated/generated.go:679.42,681.4 1 0
github.com/kuchida1981/friii/internal/interface/graphql/generated/generated.go:689.154,695.97 1 0
github.com/kuchida1981/friii/internal/interface/graphql/generated/generated.go:695.97,697.4 1 0
github.com/kuchida1981/friii/internal/interface/graphql/generated/generated.go:699.2,699.16 1 0
github.com/kuchida1981/friii/internal/interface/graphql/generated/generated.go:702.165,708.42 1 0
github.com/kuchida1981/friii/internal/interface/graphql/generated/generated.go:708.42,710.4 1 0
github.com/kuchida1981/friii/internal/interface/graphql/generated/generated.go:718.159,724.97 1 0
github.com/kuchida1981/friii/internal/interface/graphql/generated/generated.go:724.97,726.4 1 0
github.com/kuchida1981/friii/internal/interface/graphql/generated/generated.go:728.2,728.16 1 0
github.com/kuchida1981/friii/internal/interface/graphql/generated/generated.go:731.144,737.42 1 0
github.com/kuchida1981/friii/internal/interface/graphql/generated/generated.go:737.42,739.4 1 0
github.com/kuchida1981/friii/internal/interface/graphql/generated/generated.go:747.142,753.97 1 0
github.com/kuchida1981/friii/internal/interface/graphql/generated/generated.go:753.97,755.4 1 0
github.com/kuchida1981/friii/internal/interface/graphql/generated/generated.go:757.2,757.16 1 0
github.com/kuchida1981/friii/internal/interface/graphql/generated/generated.go:760.151,766.42 1 0
github.com/kuchida1981/friii/internal/interface/graphql/generated/generated.go:766.42,768.4 1 0
github.com/kuchida1981/friii/internal/interface/graphql/generated/generated.go:776.149,782.97 1 0
github.com/kuchida1981/friii/internal/interface/graphql/generated/generated.go:782.97,784.4 1 0
github.com/kuchida1981/friii/internal/interface/graphql/generated/generated.go:786.2,786.16 1 0
github.com/kuchida1981/friii/internal/interface/graphql/generated/generated.go:789.144,795.42 1 0
github.com/kuchida1981/friii/internal/interface/graphql/generated/generated.go:795.42,797.4 1 0
github.com/kuchida1981/friii/internal/interface/graphql/generated/generated.go:805.144,811.97 1 0
github.com/kuchida1981/friii/internal/interface/graphql/generated/generated.go:811.97,812.22 1 0
github.com/kuchida1981/friii/internal/interface/graphql/generated/generated.go:813.16,814.57 1 0
github.com/kuchida1981/friii/internal/interface/graphql/generated/generated.go:815.23,816.64 1 0
github.com/kuchida1981/friii/internal/interface/graphql/generated/generated.go:817.16,818.57 1 0
github.com/kuchida1981/friii/internal/interface/graphql/generated/generated.go:819.24,820.65 1 0
github.com/kuchida1981/friii/internal/interface/graphql/generated/generated.go:821.24,822.65 1 0
github.com/kuchida1981/friii/internal/interface/graphql/generated/generated.go:823.29,824.70 1 0
github.com/kuchida1981/friii/internal/interface/graphql/generated/generated.go:826.4,826.93 1 0
github.com/kuchida1981/friii/internal/interface/graphql/generated/generated.go:829.2,829.15 1 0
github.com/kuchida1981/friii/internal/interface/graphql/generated/generated.go:829.15,830.31 1 0
github.com/kuchida1981/friii/internal/interface/graphql/generated/generated.go:830.31,833.4 2 0
github.com/kuchida1981/friii/internal/interface/graphql/generated/generated.go:835.2,836.97 2 0
github.com/kuchida1981/friii/internal/interface/graphql/generated/generated.go:836.97,839.3 2 0
github.com/kuchida1981/friii/internal/interface/graphql/generated/generated.go:840.2,840.16 1 0
github.com/kuchida1981/friii/internal/interface/graphql/generated/generated.go:843.144,849.42 1 0
github.com/kuchida1981/friii/internal/interface/graphql/generated/generated.go:849.42,851.4 1 0
github.com/kuchida1981/friii/internal/interface/graphql/generated/generated.go:859.142,865.97 1 0
github.com/kuchida1981/friii/internal/interface/graphql/generated/generated.go:865.97,866.22 1 0
github.com/kuchida1981/friii/internal/interface/graphql/generated/generated.go:867.16,868.51 1 0
github.com/kuchida1981/friii/internal/interface/graphql/generated/generated.go:869.16,870.51 1 0
github.com/kuchida1981/friii/internal/interface/graphql/generated/generated.go:871.23,872.58 1 0
github.com/kuchida1981/friii/internal/interface/graphql/generated/generated.go:873.26,874.61 1 0
github.com/kuchida1981/friii/internal/interface/graphql/generated/generated.go:875.18,876.53 1 0
github.com/kuchida1981/friii/internal/interface/graphql/generated/generated.go:877.22,878.57 1 0
github.com/kuchida1981/friii/internal/interface/graphql/generated/generated.go:879.25,880.60 1 0
github.com/kuchida1981/friii/internal/interface/graphql/generated/generated.go:881.22,882.57 1 0
github.com/kuchida1981/friii/internal/interface/graphql/generated/generated.go:883.23,884.58 1 0
github.com/kuchida1981/friii/internal/interface/graphql/generated/generated.go:885.18,886.53 1 0
github.com/kuchida1981/friii/internal/interface/graphql/generated/generated.go:887.19,888.54 1 0
github.com/kuchida1981/friii/internal/interface/graphql/generated/generated.go:890.4,890.87 1 0
github.com/kuchida1981/friii/internal/interface/graphql/generated/generated.go:893.2,893.16 1 0
github.com/kuchida1981/friii/internal/interface/graphql/generated/generated.go:896.152,902.42 1 0
github.com/kuchida1981/friii/internal/interface/graphql/generated/generated.go:902.42,904.4 1 0
github.com/kuchida1981/friii/internal/interface/graphql/generated/generated.go:912.150,918.97 1 0
github.com/kuchida1981/friii/internal/interface/graphql/generated/generated.go:918.97,920.4 1 0
github.com/kuchida1981/friii/internal/interface/graphql/generated/generated.go:922.2,922.16 1 0
github.com/kuchida1981/friii/internal/interface/graphql/generated/generated.go:925.157,931.42 1 0
github.com/kuchida1981/friii/internal/interface/graphql/generated/generated.go:931.42,933.4 1 0
github.com/kuchida1981/friii/internal/interface/graphql/generated/generated.go:941.155,947.97 1 0
github.com/kuchida1981/friii/internal/interface/graphql/generated/generated.go:947.97,949.4 1 0
github.com/kuchida1981/friii/internal/interface/graphql/generated/generated.go:951.2,951.16 1 0
github.com/kuchida1981/friii/internal/interface/graphql/generated/generated.go:954.154,960.42 1 0
github.com/kuchida1981/friii/internal/interface/graphql/generated/generated.go:960.42,962.4 1 0
github.com/kuchida1981/friii/internal/interface/graphql/generated/generated.go:970.147,976.97 1 0
github.com/kuchida1981/friii/internal/interface/graphql/generated/generated.go:976.97,978.4 1 0
github.com/kuchida1981/friii/internal/interface/graphql/generated/generated.go:980.2,980.16 1 0
github.com/kuchida1981/friii/internal/interface/graphql/generated/generated.go:983.161,989.42 1 0
github.com/kuchida1981/friii/internal/interface/graphql/generated/generated.go:989.42,991.4 1 0
github.com/kuchida1981/friii/internal/interface/graphql/generated/generated.go:999.154,1005.97 1 0
github.com/kuchida1981/friii/internal/interface/graphql/generated/generated.go:1005.97,1007.4 1 0
github.com/kuchida1981/friii/internal/interface/graphql/generated/generated.go:1009.2,1009.16 1 0
github.com/kuchida1981/friii/internal/interface/graphql/generated/generated.go:1012.154,1018.42 1 0
github.com/kuchida1981/friii/internal/interface/graphql/generated/generated.go:1018.42,1020.4 1 0
github.com/kuchida1981/friii/internal/interface/graphql/generated/generated.go:1028.147,1034.97 1 0
github.com/kuchida1981/friii/internal/interface/graphql/generated/generated.go:1034.97,1035.22 1 0
github.com/kuchida1981/friii/internal/interface/graphql/generated/generated.go:1036.16,1037.51 1 0
github.com/kuchida1981/friii/internal/interface/graphql/generated/generated.go:1038.16,1039.51 1 0
github.com/kuchida1981/friii/internal/interface/graphql/generated/generated.go:1040.23,1041.58 1 0
github.com/kuchida1981/friii/internal/interface/graphql/generated/generated.go:1042.26,1043.61 1 0
github.com/kuchida1981/friii/internal/interface/graphql/generated/generated.go:1044.18,1045.53 1 0
github.com/kuchida1981/friii/internal/interface/graphql/generated/generated.go:1046.22,1047.57 1 0
github.com/kuchida1981/friii/internal/interface/graphql/generated/generated.go:1048.25,1049.60 1 0
github.com/kuchida1981/friii/internal/interface/graphql/generated/generated.go:1050.22,1051.57 1 0
github.com/kuchida1981/friii/internal/interface/graphql/generated/generated.go:1052.23,1053.58 1 0
github.com/kuchida1981/friii/internal/interface/graphql/generated/generated.go:1054.18,1055.53 1 0
github.com/kuchida1981/friii/internal/interface/graphql/generated/generated.go:1056.19,1057.54 1 0
github.com/kuchida1981/friii/internal/interface/graphql/generated/generated.go:1059.4,1059.87 1 0
github.com/kuchida1981/friii/internal/interface/graphql/generated/generated.go:1062.2,1062.16 1 0
github.com/kuchida1981/friii/internal/interface/graphql/generated/generated.go:1065.162,1071.42 1 0
github.com/kuchida1981/friii/internal/interface/graphql/generated/generated.go:1071.42,1073.4 1 0
github.com/kuchida1981/friii/internal/interface/graphql/generated/generated.go:1081.155,1087.97 1 0
github.com/kuchida1981/friii/internal/interface/graphql/generated/generated.go:1087.97,1089.4 1 0
github.com/kuchida1981/friii/internal/interface/graphql/generated/generated.go:1091.2,1091.16 1 0
github.com/kuchida1981/friii/internal/interface/graphql/generated/generated.go:1094.162,1100.42 1 0
github.com/kuchida1981/friii/internal/interface/graphql/generated/generated.go:1100.42,1102.4 1 0
github.com/kuchida1981/friii/internal/interface/graphql/generated/generated.go:1110.155,1116.97 1 0
github.com/kuchida1981/friii/internal/interface/graphql/generated/generated.go:1116.97,1118.4 1 0
github.com/kuchida1981/friii/internal/interface/graphql/generated/generated.go:1120.2,1120.16 1 0
github.com/kuchida1981/friii/internal/interface/graphql/generated/generated.go:1123.167,1129.42 1 0
github.com/kuchida1981/friii/internal/interface/graphql/generated/generated.go:1129.42,1131.4 1 0
github.com/kuchida1981/friii/internal/interface/graphql/generated/generated.go:1139.160,1145.97 1 0
github.com/kuchida1981/friii/internal/interface/graphql/generated/generated.go:1145.97,1147.4 1 0
github.com/kuchida1981/friii/internal/interface/graphql/generated/generated.go:1149.2,1149.16 1 0
github.com/kuchida1981/friii/internal/interface/graphql/generated/generated.go:1152.153,1158.42 1 0
github.com/kuchida1981/friii/internal/interface/graphql/generated/generated.go:1158.42,1160.4 1 0
github.com/kuchida1981/friii/internal/interface/graphql/generated/generated.go:1168.150,1174.97 1 0
github.com/kuchida1981/friii/internal/interface/graphql/generated/generated.go:1174.97,1176.4 1 0
github.com/kuchida1981/friii/internal/interface/graphql/generated/generated.go:1178.2,1178.16 1 0
github.com/kuchida1981/friii/internal/interface/graphql/generated/generated.go:1181.147,1187.42 1 0
github.com/kuchida1981/friii/internal/interface/graphql/generated/generated.go:1187.42,1189.4 1 0
github.com/kuchida1981/friii/internal/interface/graphql/generated/generated.go:1197.144,1203.97 1 0
github.com/kuchida1981/friii/internal/interface/graphql/generated/generated.go:1203.97,1204.22 1 0
github.com/kuchida1981/friii/internal/interface/graphql/generated/generated.go:1205.16,1206.51 1 0
github.com/kuchida1981/friii/internal/interface/graphql/generated/generated.go:1207.16,1208.51 1 0
github.com/kuchida1981/friii/internal/interface/graphql/generated/generated.go:1209.23,1210.58 1 0
github.com/kuchida1981/friii/internal/interface/graphql/generated/generated.go:1211.26,1212.61 1 0
github.com/kuchida1981/friii/internal/interface/graphql/generated/generated.go:1213.18,1214.53 1 0
github.com/kuchida1981/friii/internal/interface/graphql/generated/generated.go:1215.22,1216.57 1 0
github.com/kuchida1981/friii/internal/interface/graphql/generated/generated.go:1217.25,1218.60 1 0
github.com/kuchida1981/friii/internal/interface/graphql/generated/generated.go:1219.22,1220.57 1 0
github.com/kuchida1981/friii/internal/interface/graphql/generated/generated.go:1221.23,1222.58 1 0
github.com/kuchida1981/friii/internal/interface/graphql/generated/generated.go:1223.18,1224.53 1 0
github.com/kuchida1981/friii/internal/interface/graphql/generated/generated.go:1225.19,1226.54 1 0
github.com/kuchida1981/friii/internal/interface/graphql/generated/generated.go:1228.4,1228.87 1 0
github.com/kuchida1981/friii/internal/interface/graphql/generated/generated.go:1231.2,1231.16 1 0
github.com/kuchida1981/friii/internal/interface/graphql/generated/generated.go:1234.151,1240.42 1 0
github.com/kuchida1981/friii/internal/interface/graphql/generated/generated.go:1240.42,1242.4 1 0
github.com/kuchida1981/friii/internal/interface/graphql/generated/generated.go:1250.148,1256.97 1 0
github.com/kuchida1981/friii/internal/interface/graphql/generated/generated.go:1256.97,1257.22 1 0
github.com/kuchida1981/friii/internal/interface/graphql/generated/generated.go:1258.16,1259.51 1 0
github.com/kuchida1981/friii/internal/interface/graphql/generated/generated.go:1260.16,1261.51 1 0
github.com/kuchida1981/friii/internal/interface/graphql/generated/generated.go:1262.23,1263.58 1 0
github.com/kuchida1981/friii/internal/interface/graphql/generated/generated.go:1264.26,1265.61 1 0
github.com/kuchida1981/friii/internal/interface/graphql/generated/generated.go:1266.18,1267.53 1 0
github.com/kuchida1981/friii/internal/interface/graphql/generated/generated.go:1268.22,1269.57 1 0
github.com/kuchida1981/friii/internal/interface/graphql/generated/generated.go:1270.25,1271.60 1 0
github.com/kuchida1981/friii/internal/interface/graphql/generated/generated.go:1272.22,1273.57 1 0
github.com/kuchida1981/friii/internal/interface/graphql/generated/generated.go:1274.23,1275.58 1 0
github.com/kuchida1981/friii/internal/interface/graphql/generated/generated.go:1276.18,1277.53 1 0
github.com/kuchida1981/friii/internal/interface/graphql/generated/generated.go:1278.19,1279.54 1 0
github.com/kuchida1981/friii/internal/interface/graphql/generated/generated.go:1281.4,1281.87 1 0
github.com/kuchida1981/friii/internal/interface/graphql/generated/generated.go:1284.2,1284.16 1 0
github.com/kuchida1981/friii/internal/interface/graphql/generated/generated.go:1287.154,1293.42 1 0
github.com/kuchida1981/friii/internal/interface/graphql/generated/generated.go:1293.42,1295.4 1 0
github.com/kuchida1981/friii/internal/interface/graphql/generated/generated.go:1303.151,1309.97 1 0
github.com/kuchida1981/friii/internal/interface/graphql/generated/generated.go:1309.97,1310.22 1 0
github.com/kuchida1981/friii/internal/interface/graphql/generated/generated.go:1311.16,1312.51 1 0
github.com/kuchida1981/friii/internal/interface/graphql/generated/generated.go:1313.16,1314.51 1 0
github.com/kuchida1981/friii/internal/interface/graphql/generated/generated.go:1315.23,1316.58 1 0
github.com/kuchida1981/friii/internal/interface/graphql/generated/generated.go:1317.26,1318.61 1 0
github.com/kuchida1981/friii/internal/interface/graphql/generated/generated.go:1319.18,1320.53 1 0
github.com/kuchida1981/friii/internal/interface/graphql/generated/generated.go:1321.22,1322.57 1 0
github.com/kuchida1981/friii/internal/interface/graphql/generated/generated.go:1323.25,1324.60 1 0
github.com/kuchida1981/friii/internal/interface/graphql/generated/generated.go:1325.22,1326.57 1 0
github.com/kuchida1981/friii/internal/interface/graphql/generated/generated.go:1327.23,1328.58 1 0
github.com/kuchida1981/friii/internal/interface/graphql/generated/generated.go:1329.18,1330.53 1 0
github.com/kuchida1981/friii/internal/interface/graphql/generated/generated.go:1331.19,1332.54 1 0
github.com/kuchida1981/friii/internal/interface/graphql/generated/generated.go:1334.4,1334.87 1 0
github.com/kuchida1981/friii/internal/interface/graphql/generated/generated.go:1337.2,1337.16 1 0
github.com/kuchida1981/friii/internal/interface/graphql/generated/generated.go:1340.158,1346.42 1 0
github.com/kuchida1981/friii/internal/interface/graphql/generated/generated.go:1346.42,1348.4 1 0
github.com/kuchida1981/friii/internal/interface/graphql/generated/generated.go:1356.155,1362.97 1 0
github.com/kuchida1981/friii/internal/interface/graphql/generated/generated.go:1362.97,1363.22 1 0
github.com/kuchida1981/friii/internal/interface/graphql/generated/generated.go:1364.16,1365.51 1 0
github.com/kuchida1981/friii/internal/interface/graphql/generated/generated.go:1366.16,1367.51 1 0
github.com/kuchida1981/friii/internal/interface/graphql/generated/generated.go:1368.23,1369.58 1 0
github.com/kuchida1981/friii/internal/interface/graphql/generated/generated.go:1370.26,1371.61 1 0
github.com/kuchida1981/friii/internal/interface/graphql/generated/generated.go:1372.18,1373.53 1 0
github.com/kuchida1981/friii/internal/interface/graphql/generated/generated.go:1374.22,1375.57 1 0
github.com/kuchida1981/friii/internal/interface/graphql/generated/generated.go:1376.25,1377.60 1 0
github.com/kuchida1981/friii/internal/interface/graphql/generated/generated.go:1378.22,1379.57 1 0
github.com/kuchida1981/friii/internal/interface/graphql/generated/generated.go:1380.23,1381.58 1 0
github.com/kuchida1981/friii/internal/interface/graphql/generated/generated.go:1382.18,1383.53 1 0
github.com/kuchida1981/friii/internal/interface/graphql/generated/generated.go:1384.19,1385.54 1 0
github.com/kuchida1981/friii/internal/interface/graphql/generated/generated.go:1387.4,1387.87 1 0
github.com/kuchida1981/friii/internal/interface/graphql/generated/generated.go:1390.2,1390.16 1 0
github.com/kuchida1981/friii/internal/interface/graphql/generated/generated.go:1393.152,1399.42 1 0
github.com/kuchida1981/friii/internal/interface/graphql/generated/generated.go:1399.42,1401.4 1 0
github.com/kuchida1981/friii/internal/interface/graphql/generated/generated.go:1409.149,1415.97 1 0
github.com/kuchida1981/friii/internal/interface/graphql/generated/generated.go:1415.97,1416.22 1 0
github.com/kuchida1981/friii/internal/interface/graphql/generated/generated.go:1417.16,1418.56 1 0
github.com/kuchida1981/friii/internal/interface/graphql/generated/generated.go:1419.23,1420.63 1 0
github.com/kuchida1981/friii/internal/interface/graphql/generated/generated.go:1421.24,1422.64 1 0
github.com/kuchida1981/friii/internal/interface/graphql/generated/generated.go:1423.21,1424.61 1 0
github.com/kuchida1981/friii/internal/interface/graphql/generated/generated.go:1425.16,1426.56 1 0
github.com/kuchida1981/friii/internal/interface/graphql/generated/generated.go:1428.4,1428.92 1 0
github.com/kuchida1981/friii/internal/interface/graphql/generated/generated.go:1431.2,1431.16 1 0
github.com/kuchida1981/friii/internal/interface/graphql/generated/generated.go:1434.142,1440.42 1 0
github.com/kuchida1981/friii/internal/interface/graphql/generated/generated.go:1440.42,1442.4 1 0
github.com/kuchida1981/friii/internal/interface/graphql/generated/generated.go:1450.141,1456.97 1 0
github.com/kuchida1981/friii/internal/interface/graphql/generated/generated.go:1456.97,1458.4 1 0
github.com/kuchida1981/friii/internal/interface/graphql/generated/generated.go:1460.2,1460.16 1 0
github.com/kuchida1981/friii/internal/interface/graphql/generated/generated.go:1463.142,1469.42 1 0
github.com/kuchida1981/friii/internal/interface/graphql/generated/generated.go:1469.42,1471.4 1 0
github.com/kuchida1981/friii/internal/interface/graphql/generated/generated.go:1479.141,1485.97 1 0
github.com/kuchida1981/friii/internal/interface/graphql/generated/generated.go:1485.97,1487.4 1 0
github.com/kuchida1981/friii/internal/interface/graphql/generated/generated.go:1489.2,1489.16 1 0
github.com/kuchida1981/friii/internal/interface/graphql/generated/generated.go:1492.149,1498.42 1 0
github.com/kuchida1981/friii/internal/interface/graphql/generated/generated.go:1498.42,1500.4 1 0
github.com/kuchida1981/friii/internal/interface/graphql/generated/generated.go:1508.148,1514.97 1 0
github.com/kuchida1981/friii/internal/interface/graphql/generated/generated.go:1514.97,1516.4 1 0
github.com/kuchida1981/friii/internal/interface/graphql/generated/generated.go:1518.2,1518.16 1 0
github.com/kuchida1981/friii/internal/interface/graphql/generated/generated.go:1521.152,1527.42 1 0
github.com/kuchida1981/friii/internal/interface/graphql/generated/generated.go:1527.42,1529.4 1 0
github.com/kuchida1981/friii/internal/interface/graphql/generated/generated.go:1537.151,1543.97 1 0
github.com/kuchida1981/friii/internal/interface/graphql/generated/generated.go:1543.97,1545.4 1 0
github.com/kuchida1981/friii/internal/interface/graphql/generated/generated.go:1547.2,1547.16 1 0
github.com/kuchida1981/friii/internal/interface/graphql/generated/generated.go:1550.144,1556.42 1 0
github.com/kuchida1981/friii/internal/interface/graphql/generated/generated.go:1556.42,1559.4 2 0
github.com/kuchida1981/friii/internal/interface/graphql/generated/generated.go:1567.145,1573.97 1 0
github.com/kuchida1981/friii/internal/interface/graphql/generated/generated.go:1573.97,1574.22 1 0
github.com/kuchida1981/friii/internal/interface/graphql/generated/generated.go:1575.16,1576.52 1 0
github.com/kuchida1981/friii/internal/interface/graphql/generated/generated.go:1577.23,1578.59 1 0
github.com/kuchida1981/friii/internal/interface/graphql/generated/generated.go:1579.16,1580.52 1 0
github.com/kuchida1981/friii/internal/interface/graphql/generated/generated.go:1581.16,1582.52 1 0
github.com/kuchida1981/friii/internal/interface/graphql/generated/generated.go:1583.24,1584.60 1 0
github.com/kuchida1981/friii/internal/interface/graphql/generated/generated.go:1585.29,1586.65 1 0
github.com/kuchida1981/friii/internal/interface/graphql/generated/generated.go:1588.4,1588.88 1 0
github.com/kuchida1981/friii/internal/interface/graphql/generated/generated.go:1591.2,1591.15 1 0
github.com/kuchida1981/friii/internal/interface/graphql/generated/generated.go:1591.15,1592.31 1 0
github.com/kuchida1981/friii/internal/interface/graphql/generated/generated.go:1592.31,1595.4 2 0
github.com/kuchida1981/friii/internal/interface/graphql/generated/generated.go:1597.2,1598.98 2 0
github.com/kuchida1981/friii/internal/interface/graphql/generated/generated.go:1598.98,1601.3 2 0
github.com/kuchida1981/friii/internal/interface/graphql/generated/generated.go:1602.2,1602.16 1 0
github.com/kuchida1981/friii/internal/interface/graphql/generated/generated.go:1605.148,1611.42 1 0
github.com/kuchida1981/friii/internal/interface/graphql/generated/generated.go:1611.42,1613.4 1 0
github.com/kuchida1981/friii/internal/interface/graphql/generated/generated.go:1621.147,1627.97 1 0
github.com/kuchida1981/friii/internal/interface/graphql/generated/generated.go:1627.97,1628.22 1 0
github.com/kuchida1981/friii/internal/interface/graphql/generated/generated.go:1629.16,1630.51 1 0
github.com/kuchida1981/friii/internal/interface/graphql/generated/generated.go:1631.16,1632.51 1 0
github.com/kuchida1981/friii/internal/interface/graphql/generated/generated.go:1633.23,1634.58 1 0
github.com/kuchida1981/friii/internal/interface/graphql/generated/generated.go:1635.26,1636.61 1 0
github.com/kuchida1981/friii/internal/interface/graphql/generated/generated.go:1637.18,1638.53 1 0
github.com/kuchida1981/friii/internal/interface/graphql/generated/generated.go:1639.22,1640.57 1 0
github.com/kuchida1981/friii/internal/interface/graphql/generated/generated.go:1641.25,1642.60 1 0
github.com/kuchida1981/friii/internal/interface/graphql/generated/generated.go:1643.22,1644.57 1 0
github.com/kuchida1981/friii/internal/interface/graphql/generated/generated.go:1645.23,1646.58 1 0
github.com/kuchida1981/friii/internal/interface/graphql/generated/generated.go:1647.18,1648.53 1 0
github.com/kuchida1981/friii/internal/interface/graphql/generated/generated.go:1649.19,1650.54 1 0
github.com/kuchida1981/friii/internal/interface/graphql/generated/generated.go:1652.4,1652.87 1 0
github.com/kuchida1981/friii/internal/interface/graphql/generated/generated.go:1655.2,1655.16 1 0
github.com/kuchida1981/friii/internal/interface/graphql/generated/generated.go:1658.151,1664.42 1 0
github.com/kuchida1981/friii/internal/interface/graphql/generated/generated.go:1664.42,1666.4 1 0
github.com/kuchida1981/friii/internal/interface/graphql/generated/generated.go:1674.150,1680.97 1 0
github.com/kuchida1981/friii/internal/interface/graphql/generated/generated.go:1680.97,1681.22 1 0
github.com/kuchida1981/friii/internal/interface/graphql/generated/generated.go:1682.16,1683.51 1 0
github.com/kuchida1981/friii/internal/interface/graphql/generated/generated.go:1684.16,1685.51 1 0
github.com/kuchida1981/friii/internal/interface/graphql/generated/generated.go:1686.23,1687.58 1 0
github.com/kuchida1981/friii/internal/interface/graphql/generated/generated.go:1688.26,1689.61 1 0
github.com/kuchida1981/friii/internal/interface/graphql/generated/generated.go:1690.18,1691.53 1 0
github.com/kuchida1981/friii/internal/interface/graphql/generated/generated.go:1692.22,1693.57 1 0
github.com/kuchida1981/friii/internal/interface/graphql/generated/generated.go:1694.25,1695.60 1 0
github.com/kuchida1981/friii/internal/interface/graphql/generated/generated.go:1696.22,1697.57 1 0
github.com/kuchida1981/friii/internal/interface/graphql/generated/generated.go:1698.23,1699.58 1 0
github.com/kuchida1981/friii/internal/interface/graphql/generated/generated.go:1700.18,1701.53 1 0
github.com/kuchida1981/friii/internal/interface/graphql/generated/generated.go:1702.19,1703.54 1 0
github.com/kuchida1981/friii/internal/interface/graphql/generated/generated.go:1705.4,1705.87 1 0
github.com/kuchida1981/friii/internal/interface/graphql/generated/generated.go:1708.2,1708.16 1 0
github.com/kuchida1981/friii/internal/interface/graphql/generated/generated.go:1711.148,1717.42 1 0
github.com/kuchida1981/friii/internal/interface/graphql/generated/generated.go:1717.42,1720.4 2 0
github.com/kuchida1981/friii/internal/interface/graphql/generated/generated.go:1728.149,1734.97 1 0
github.com/kuchida1981/friii/internal/interface/graphql/generated/generated.go:1734.97,1735.22 1 0
github.com/kuchida1981/friii/internal/interface/graphql/generated/generated.go:1736.16,1737.56 1 0
github.com/kuchida1981/friii/internal/interface/graphql/generated/generated.go:1738.23,1739.63 1 0
github.com/kuchida1981/friii/internal/interface/graphql/generated/generated.go:1740.24,1741.64 1 0
github.com/kuchida1981/friii/internal/interface/graphql/generated/generated.go:1742.29,1743.69 1 0
github.com/kuchida1981/friii/internal/interface/graphql/generated/generated.go:1745.4,1745.92 1 0
github.com/kuchida1981/friii/internal/interface/graphql/generated/generated.go:1748.2,1748.15 1 0
github.com/kuchida1981/friii/internal/interface/graphql/generated/generated.go:1748.15,1749.31 1 0
github.com/kuchida1981/friii/internal/interface/graphql/generated/generated.go:1749.31,1752.4 2 0
github.com/kuchida1981/friii/internal/interface/graphql/generated/generated.go:1754.2,1755.102 2 0
github.com/kuchida1981/friii/internal/interface/graphql/generated/generated.go:1755.102,1758.3 2 0
github.com/kuchida1981/friii/internal/interface/graphql/generated/generated.go:1759.2,1759.16 1 0
github.com/kuchida1981/friii/internal/interface/graphql/generated/generated.go:1762.149,1768.42 1 0
github.com/kuchida1981/friii/internal/interface/graphql/generated/generated.go:1768.42,1770.4 1 0
github.com/kuchida1981/friii/internal/interface/graphql/generated/generated.go:1778.148,1784.97 1 0
github.com/kuchida1981/friii/internal/interface/graphql/generated/generated.go:1784.97,1785.22 1 0
github.com/kuchida1981/friii/internal/interface/graphql/generated/generated.go:1786.16,1787.57 1 0
github.com/kuchida1981/friii/internal/interface/graphql/generated/generated.go:1788.23,1789.64 1 0
github.com/kuchida1981/friii/internal/interface/graphql/generated/generated.go:1790.16,1791.57 1 0
github.com/kuchida1981/friii/internal/interface/graphql/generated/generated.go:1792.24,1793.65 1 0
github.com/kuchida1981/friii/internal/interface/graphql/generated/generated.go:1794.24,1795.65 1 0
github.com/kuchida1981/friii/internal/interface/graphql/generated/generated.go:1796.29,1797.70 1 0
github.com/kuchida1981/friii/internal/interface/graphql/generated/generated.go:1799.4,1799.93 1 0
github.com/kuchida1981/friii/internal/interface/graphql/generated/generated.go:1802.2,1802.16 1 0
github.com/kuchida1981/friii/internal/interface/graphql/generated/generated.go:1805.144,1811.42 1 0
github.com/kuchida1981/friii/internal/interface/graphql/generated/generated.go:1811.42,1813.4 1 0
github.com/kuchida1981/friii/internal/interface/graphql/generated/generated.go:1821.143,1827.97 1 0
github.com/kuchida1981/friii/internal/interface/graphql/generated/generated.go:1827.97,1828.22 1 0
github.com/kuchida1981/friii/internal/interface/graphql/generated/generated.go:1829.16,1830.51 1 0
github.com/kuchida1981/friii/internal/interface/graphql/generated/generated.go:1831.16,1832.51 1 0
github.com/kuchida1981/friii/internal/interface/graphql/generated/generated.go:1833.23,1834.58 1 0
github.com/kuchida1981/friii/internal/interface/graphql/generated/generated.go:1835.26,1836.61 1 0
github.com/kuchida1981/friii/internal/interface/graphql/generated/generated.go:1837.18,1838.53 1 0
github.com/kuchida1981/friii/internal/interface/graphql/generated/generated.go:1839.22,1840.57 1 0
github.com/kuchida1981/friii/internal/interface/graphql/generated/generated.go:1841.25,1842.60 1 0
github.com/kuchida1981/friii/internal/interface/graphql/generated/generated.go:1843.22,1844.57 1 0
github.com/kuchida1981/friii/internal/interface/graphql/generated/generated.go:1845.23,1846.58 1 0
github.com/kuchida1981/friii/internal/interface/graphql/generated/generated.go:1847.18,1848.53 1 0
github.com/kuchida1981/friii/internal/interface/graphql/generated/generated.go:1849.19,1850.54 1 0
github.com/kuchida1981/friii/internal/interface/graphql/generated/generated.go:1852.4,1852.87 1 0
github.com/kuchida1981/friii/internal/interface/graphql/generated/generated.go:1855.2,1855.16 1 0
github.com/kuchida1981/friii/internal/interface/graphql/generated/generated.go:1858.145,1864.42 1 0
github.com/kuchida1981/friii/internal/interface/graphql/generated/generated.go:1864.42,1866.4 1 0
github.com/kuchida1981/friii/internal/interface/graphql/generated/generated.go:1874.144,1880.97 1 0
github.com/kuchida1981/friii/internal/interface/graphql/generated/generated.go:1880.97,1882.4 1 0
github.com/kuchida1981/friii/internal/interface/graphql/generated/generated.go:1884.2,1884.16 1 0
github.com/kuchida1981/friii/internal/interface/graphql/generated/generated.go:1901.100,1909.31 5 0
github.com/kuchida1981/friii/internal/interface/graphql/generated/generated.go:1909.31,1915.21 2 0
github.com/kuchida1981/friii/internal/interface/graphql/generated/generated.go:1916.21,1917.53 1 0
github.com/kuchida1981/friii/internal/interface/graphql/generated/generated.go:1918.15,1919.123 1 0
github.com/kuchida1981/friii/internal/interface/graphql/generated/generated.go:1919.123,1921.5 1 0
github.com/kuchida1981/friii/internal/interface/graphql/generated/generated.go:1922.4,1922.37 1 0
github.com/kuchida1981/friii/internal/interface/graphql/generated/generated.go:1922.37,1924.5 1 0
github.com/kuchida1981/friii/internal/interface/graphql/generated/generated.go:1925.11,1926.55 1 0
github.com/kuchida1981/friii/internal/interface/graphql/generated/generated.go:1929.2,1930.22 2 0
github.com/kuchida1981/friii/internal/interface/graphql/generated/generated.go:1930.22,1932.3 1 0
github.com/kuchida1981/friii/internal/interface/graphql/generated/generated.go:1934.2,1936.35 2 0
github.com/kuchida1981/friii/internal/interface/graphql/generated/generated.go:1936.35,1943.3 1 0
github.com/kuchida1981/friii/internal/interface/graphql/generated/generated.go:1945.2,1945.12 1 0
github.com/kuchida1981/friii/internal/interface/graphql/generated/generated.go:1950.97,1958.31 5 0
github.com/kuchida1981/friii/internal/interface/graphql/generated/generated.go:1958.31,1964.21 2 0
github.com/kuchida1981/friii/internal/interface/graphql/generated/generated.go:1965.21,1966.50 1 0
github.com/kuchida1981/friii/internal/interface/graphql/generated/generated.go:1967.15,1970.89 2 0
github.com/kuchida1981/friii/internal/interface/graphql/generated/generated.go:1970.89,1971.18 1 0
github.com/kuchida1981/friii/internal/interface/graphql/generated/generated.go:1971.18,1972.34 1 0
github.com/kuchida1981/friii/internal/interface/graphql/generated/generated.go:1972.34,1974.7 1 0
github.com/kuchida1981/friii/internal/interface/graphql/generated/generated.go:1976.5,1977.28 2 0
github.com/kuchida1981/friii/internal/interface/graphql/generated/generated.go:1977.28,1979.6 1 0
github.com/kuchida1981/friii/internal/interface/graphql/generated/generated.go:1980.5,1980.15 1 0
github.com/kuchida1981/friii/internal/interface/graphql/generated/generated.go:1983.4,1983.55 1 0
github.com/kuchida1981/friii/internal/interface/graphql/generated/generated.go:1983.55,1985.50 1 0
github.com/kuchida1981/friii/internal/interface/graphql/generated/generated.go:1985.50,1985.80 1 0
github.com/kuchida1981/friii/internal/interface/graphql/generated/generated.go:1988.4,1988.68 1 0
github.com/kuchida1981/friii/internal/interface/graphql/generated/generated.go:1988.68,1988.92 1 0
github.com/kuchida1981/friii/internal/interface/graphql/generated/generated.go:1989.17,1990.123 1 0
github.com/kuchida1981/friii/internal/interface/graphql/generated/generated.go:1990.123,1992.5 1 0
github.com/kuchida1981/friii/internal/interface/graphql/generated/generated.go:1993.19,1994.123 1 0
github.com/kuchida1981/friii/internal/interface/graphql/generated/generated.go:1994.123,1996.5 1 0
github.com/kuchida1981/friii/internal/interface/graphql/generated/generated.go:1997.11,1998.55 1 0
github.com/kuchida1981/friii/internal/interface/graphql/generated/generated.go:2001.2,2002.22 2 0
github.com/kuchida1981/friii/internal/interface/graphql/generated/generated.go:2002.22,2004.3 1 0
github.com/kuchida1981/friii/internal/interface/graphql/generated/generated.go:2006.2,2008.35 2 0
github.com/kuchida1981/friii/internal/interface/graphql/generated/generated.go:2008.35,2015.3 1 0
github.com/kuchida1981/friii/internal/interface/graphql/generated/generated.go:2017.2,2017.12 1 0
github.com/kuchida1981/friii/internal/interface/graphql/generated/generated.go:2022.133,2027.31 4 0
github.com/kuchida1981/friii/internal/interface/graphql/generated/generated.go:2027.31,2028.21 1 0
github.com/kuchida1981/friii/internal/interface/graphql/generated/generated.go:2029.21,2030.56 1 0
github.com/kuchida1981/friii/internal/interface/graphql/generated/generated.go:2031.15,2033.37 2 0
github.com/kuchida1981/friii/internal/interface/graphql/generated/generated.go:2033.37,2035.5 1 0
github.com/kuchida1981/friii/internal/interface/graphql/generated/generated.go:2036.22,2037.64 1 0
github.com/kuchida1981/friii/internal/interface/graphql/generated/generated.go:2038.23,2040.37 2 0
github.com/kuchida1981/friii/internal/interface/graphql/generated/generated.go:2040.37,2042.5 1 0
github.com/kuchida1981/friii/internal/interface/graphql/generated/generated.go:2043.20,2045.37 2 0
github.com/kuchida1981/friii/internal/interface/graphql/generated/generated.go:2045.37,2047.5 1 0
github.com/kuchida1981/friii/internal/interface/graphql/generated/generated.go:2048.15,2050.37 2 0
github.com/kuchida1981/friii/internal/interface/graphql/generated/generated.go:2050.37,2052.5 1 0
github.com/kuchida1981/friii/internal/interface/graphql/generated/generated.go:2053.11,2054.55 1 0
github.com/kuchida1981/friii/internal/interface/graphql/generated/generated.go:2057.2,2058.22 2 0
github.com/kuchida1981/friii/internal/interface/graphql/generated/generated.go:2058.22,2060.3 1 0
github.com/kuchida1981/friii/internal/interface/graphql/generated/generated.go:2062.2,2064.35 2 0
github.com/kuchida1981/friii/internal/interface/graphql/generated/generated.go:2064.35,2071.3 1 0
github.com/kuchida1981/friii/internal/interface/graphql/generated/generated.go:2073.2,2073.12 1 0
github.com/kuchida1981/friii/internal/interface/graphql/generated/generated.go:2078.133,2083.31 4 0
github.com/kuchida1981/friii/internal/interface/graphql/generated/generated.go:2083.31,2084.21 1 0
github.com/kuchida1981/friii/internal/interface/graphql/generated/generated.go:2085.21,2086.56 1 0
github.com/kuchida1981/friii/internal/interface/graphql/generated/generated.go:2087.15,2089.37 2 0
github.com/kuchida1981/friii/internal/interface/graphql/generated/generated.go:2089.37,2091.5 1 0
github.com/kuchida1981/friii/internal/interface/graphql/generated/generated.go:2092.22,2093.64 1 0
github.com/kuchida1981/friii/internal/interface/graphql/generated/generated.go:2094.23,2096.37 2 0
github.com/kuchida1981/friii/internal/interface/graphql/generated/generated.go:2096.37,2098.5 1 0
github.com/kuchida1981/friii/internal/interface/graphql/generated/generated.go:2099.28,2100.70 1 0
github.com/kuchida1981/friii/internal/interface/graphql/generated/generated.go:2101.11,2102.55 1 0
github.com/kuchida1981/friii/internal/interface/graphql/generated/generated.go:2105.2,2106.22 2 0
github.com/kuchida1981/friii/internal/interface/graphql/generated/generated.go:2106.22,2108.3 1 0
github.com/kuchida1981/friii/internal/interface/graphql/generated/generated.go:2110.2,2112.35 2 0
github.com/kuchida1981/friii/internal/interface/graphql/generated/generated.go:2112.35,2119.3 1 0
github.com/kuchida1981/friii/internal/interface/graphql/generated/generated.go:2121.2,2121.12 1 0
github.com/kuchida1981/friii/internal/interface/graphql/generated/generated.go:2126.125,2131.31 4 0
github.com/kuchida1981/friii/internal/interface/graphql/generated/generated.go:2131.31,2132.21 1 0
github.com/kuchida1981/friii/internal/interface/graphql/generated/generated.go:2133.21,2134.52 1 0
github.com/kuchida1981/friii/internal/interface/graphql/generated/generated.go:2135.15,2137.37 2 0
github.com/kuchida1981/friii/internal/interface/graphql/generated/generated.go:2137.37,2139.5 1 0
github.com/kuchida1981/friii/internal/interface/graphql/generated/generated.go:2140.22,2141.60 1 0
github.com/kuchida1981/friii/internal/interface/graphql/generated/generated.go:2142.15,2144.37 2 0
github.com/kuchida1981/friii/internal/interface/graphql/generated/generated.go:2144.37,2146.5 1 0
github.com/kuchida1981/friii/internal/interface/graphql/generated/generated.go:2147.15,2149.37 2 0
github.com/kuchida1981/friii/internal/interface/graphql/generated/generated.go:2149.37,2151.5 1 0
github.com/kuchida1981/friii/internal/interface/graphql/generated/generated.go:2152.23,2154.37 2 0
github.com/kuchida1981/friii/internal/interface/graphql/generated/generated.go:2154.37,2156.5 1 0
github.com/kuchida1981/friii/internal/interface/graphql/generated/generated.go:2157.28,2158.66 1 0
github.com/kuchida1981/friii/internal/interface/graphql/generated/generated.go:2159.11,2160.55 1 0
github.com/kuchida1981/friii/internal/interface/graphql/generated/generated.go:2163.2,2164.22 2 0
github.com/kuchida1981/friii/internal/interface/graphql/generated/generated.go:2164.22,2166.3 1 0
github.com/kuchida1981/friii/internal/interface/graphql/generated/generated.go:2168.2,2170.35 2 0
github.com/kuchida1981/friii/internal/interface/graphql/generated/generated.go:2170.35,2177.3 1 0
github.com/kuchida1981/friii/internal/interface/graphql/generated/generated.go:2179.2,2179.12 1 0
github.com/kuchida1981/friii/internal/interface/graphql/generated/generated.go:2184.135,2189.31 4 0
github.com/kuchida1981/friii/internal/interface/graphql/generated/generated.go:2189.31,2190.21 1 0
github.com/kuchida1981/friii/internal/interface/graphql/generated/generated.go:2191.21,2192.57 1 0
github.com/kuchida1981/friii/internal/interface/graphql/generated/generated.go:2193.15,2195.37 2 0
github.com/kuchida1981/friii/internal/interface/graphql/generated/generated.go:2195.37,2197.5 1 0
github.com/kuchida1981/friii/internal/interface/graphql/generated/generated.go:2198.22,2199.65 1 0
github.com/kuchida1981/friii/internal/interface/graphql/generated/generated.go:2200.15,2202.37 2 0
github.com/kuchida1981/friii/internal/interface/graphql/generated/generated.go:2202.37,2204.5 1 0
github.com/kuchida1981/friii/internal/interface/graphql/generated/generated.go:2205.23,2206.66 1 0
github.com/kuchida1981/friii/internal/interface/graphql/generated/generated.go:2207.23,2209.37 2 0
github.com/kuchida1981/friii/internal/interface/graphql/generated/generated.go:2209.37,2211.5 1 0
github.com/kuchida1981/friii/internal/interface/graphql/generated/generated.go:2212.28,2213.71 1 0
github.com/kuchida1981/friii/internal/interface/graphql/generated/generated.go:2214.11,2215.55 1 0
github.com/kuchida1981/friii/internal/interface/graphql/generated/generated.go:2218.2,2219.22 2 0
github.com/kuchida1981/friii/internal/interface/graphql/generated/generated.go:2219.22,2221.3 1 0
github.com/kuchida1981/friii/internal/interface/graphql/generated/generated.go:2223.2,2225.35 2 0
github.com/kuchida1981/friii/internal/interface/graphql/generated/generated.go:2225.35,2232.3 1 0
github.com/kuchida1981/friii/internal/interface/graphql/generated/generated.go:2234.2,2234.12 1 0
github.com/kuchida1981/friii/internal/interface/graphql/generated/generated.go:2239.127,2244.31 4 0
github.com/kuchida1981/friii/internal/interface/graphql/generated/generated.go:2244.31,2245.21 1 0
github.com/kuchida1981/friii/internal/interface/graphql/generated/generated.go:2246.21,2247.53 1 0
github.com/kuchida1981/friii/internal/interface/graphql/generated/generated.go:2248.22,2249.61 1 0
github.com/kuchida1981/friii/internal/interface/graphql/generated/generated.go:2250.16,2252.37 2 0
github.com/kuchida1981/friii/internal/interface/graphql/generated/generated.go:2252.37,2254.5 1 0
github.com/kuchida1981/friii/internal/interface/graphql/generated/generated.go:2255.20,2257.37 2 0
github.com/kuchida1981/friii/internal/interface/graphql/generated/generated.go:2257.37,2259.5 1 0
github.com/kuchida1981/friii/internal/interface/graphql/generated/generated.go:2260.23,2261.62 1 0
github.com/kuchida1981/friii/internal/interface/graphql/generated/generated.go:2262.27,2263.66 1 0
github.com/kuchida1981/friii/internal/interface/graphql/generated/generated.go:2264.21,2266.37 2 0
github.com/kuchida1981/friii/internal/interface/graphql/generated/generated.go:2266.37,2268.5 1 0
github.com/kuchida1981/friii/internal/interface/graphql/generated/generated.go:2269.11,2270.55 1 0
github.com/kuchida1981/friii/internal/interface/graphql/generated/generated.go:2273.2,2274.22 2 0
github.com/kuchida1981/friii/internal/interface/graphql/generated/generated.go:2274.22,2276.3 1 0
github.com/kuchida1981/friii/internal/interface/graphql/generated/generated.go:2278.2,2280.35 2 0
github.com/kuchida1981/friii/internal/interface/graphql/generated/generated.go:2280.35,2287.3 1 0
github.com/kuchida1981/friii/internal/interface/graphql/generated/generated.go:2289.2,2289.12 1 0
github.com/kuchida1981/friii/internal/interface/graphql/generated/generated.go:2294.123,2299.31 4 0
github.com/kuchida1981/friii/internal/interface/graphql/generated/generated.go:2299.31,2300.21 1 0
github.com/kuchida1981/friii/internal/interface/graphql/generated/generated.go:2301.21,2302.51 1 0
github.com/kuchida1981/friii/internal/interface/graphql/generated/generated.go:2303.15,2305.37 2 0
github.com/kuchida1981/friii/internal/interface/graphql/generated/generated.go:2305.37,2307.5 1 0
github.com/kuchida1981/friii/internal/interface/graphql/generated/generated.go:2308.15,2309.52 1 0
github.com/kuchida1981/friii/internal/interface/graphql/generated/generated.go:2310.22,2311.59 1 0
github.com/kuchida1981/friii/internal/interface/graphql/generated/generated.go:2312.25,2313.62 1 0
github.com/kuchida1981/friii/internal/interface/graphql/generated/generated.go:2314.17,2315.54 1 0
github.com/kuchida1981/friii/internal/interface/graphql/generated/generated.go:2316.21,2317.58 1 0
github.com/kuchida1981/friii/internal/interface/graphql/generated/generated.go:2318.24,2319.61 1 0
github.com/kuchida1981/friii/internal/interface/graphql/generated/generated.go:2320.21,2321.58 1 0
github.com/kuchida1981/friii/internal/interface/graphql/generated/generated.go:2322.22,2323.59 1 0
github.com/kuchida1981/friii/internal/interface/graphql/generated/generated.go:2324.17,2325.54 1 0
github.com/kuchida1981/friii/internal/interface/graphql/generated/generated.go:2326.18,2327.55 1 0
github.com/kuchida1981/friii/internal/interface/graphql/generated/generated.go:2328.11,2329.55 1 0
github.com/kuchida1981/friii/internal/interface/graphql/generated/generated.go:2332.2,2333.22 2 0
github.com/kuchida1981/friii/internal/interface/graphql/generated/generated.go:2333.22,2335.3 1 0
github.com/kuchida1981/friii/internal/interface/graphql/generated/generated.go:2337.2,2339.35 2 0
github.com/kuchida1981/friii/internal/interface/graphql/generated/generated.go:2339.35,2346.3 1 0
github.com/kuchida1981/friii/internal/interface/graphql/generated/generated.go:2348.2,2348.12 1 0
github.com/kuchida1981/friii/internal/interface/graphql/generated/generated.go:2355.94,2358.2 2 0
github.com/kuchida1981/friii/internal/interface/graphql/generated/generated.go:2360.119,2363.25 3 0
github.com/kuchida1981/friii/internal/interface/graphql/generated/generated.go:2363.25,2364.64 1 0
github.com/kuchida1981/friii/internal/interface/graphql/generated/generated.go:2364.64,2366.4 1 0
github.com/kuchida1981/friii/internal/interface/graphql/generated/generated.go:2368.2,2368.12 1 0
github.com/kuchida1981/friii/internal/interface/graphql/generated/generated.go:2371.97,2374.2 2 0
github.com/kuchida1981/friii/internal/interface/graphql/generated/generated.go:2376.122,2379.25 3 0
github.com/kuchida1981/friii/internal/interface/graphql/generated/generated.go:2379.25,2380.64 1 0
github.com/kuchida1981/friii/internal/interface/graphql/generated/generated.go:2380.64,2382.4 1 0
github.com/kuchida1981/friii/internal/interface/graphql/generated/generated.go:2384.2,2384.12 1 0
github.com/kuchida1981/friii/internal/interface/graphql/generated/generated.go:2387.209,2389.2 1 0
github.com/kuchida1981/friii/internal/interface/graphql/generated/generated.go:2391.217,2395.13 4 0
github.com/kuchida1981/friii/internal/interface/graphql/generated/generated.go:2395.13,2397.3 1 0
github.com/kuchida1981/friii/internal/interface/graphql/generated/generated.go:2398.2,2398.19 1 0
github.com/kuchida1981/friii/internal/interface/graphql/generated/generated.go:2398.19,2405.20 4 0
github.com/kuchida1981/friii/internal/interface/graphql/generated/generated.go:2405.20,2406.17 1 0
github.com/kuchida1981/friii/internal/interface/graphql/generated/generated.go:2406.17,2407.33 1 0
github.com/kuchida1981/friii/internal/interface/graphql/generated/generated.go:2407.33,2410.6 2 0
github.com/kuchida1981/friii/internal/interface/graphql/generated/generated.go:2412.4,2412.15 1 0
github.com/kuchida1981/friii/internal/interface/graphql/generated/generated.go:2412.15,2414.5 1 0
github.com/kuchida1981/friii/internal/interface/graphql/generated/generated.go:2415.4,2415.123 1 0
github.com/kuchida1981/friii/internal/interface/graphql/generated/generated.go:2417.3,2417.13 1 0
github.com/kuchida1981/friii/internal/interface/graphql/generated/generated.go:2417.13,2419.4 1 0
github.com/kuchida1981/friii/internal/interface/graphql/generated/generated.go:2419.9,2421.4 1 0
github.com/kuchida1981/friii/internal/interface/graphql/generated/generated.go:2424.2,2426.24 2 0
github.com/kuchida1981/friii/internal/interface/graphql/generated/generated.go:2426.24,2427.24 1 0
github.com/kuchida1981/friii/internal/interface/graphql/generated/generated.go:2427.24,2429.4 1 0
github.com/kuchida1981/friii/internal/interface/graphql/generated/generated.go:2432.2,2432.12 1 0
github.com/kuchida1981/friii/internal/interface/graphql/generated/generated.go:2435.110,2438.2 2 0
github.com/kuchida1981/friii/internal/interface/graphql/generated/generated.go:2440.135,2443.25 3 0
github.com/kuchida1981/friii/internal/interface/graphql/generated/generated.go:2443.25,2444.64 1 0
github.com/kuchida1981/friii/internal/interface/graphql/generated/generated.go:2444.64,2446.4 1 0
github.com/kuchida1981/friii/internal/interface/graphql/generated/generated.go:2448.2,2448.12 1 0
github.com/kuchida1981/friii/internal/interface/graphql/generated/generated.go:2451.118,2456.24 5 0
github.com/kuchida1981/friii/internal/interface/graphql/generated/generated.go:2456.24,2459.17 3 0
github.com/kuchida1981/friii/internal/interface/graphql/generated/generated.go:2459.17,2461.4 1 0
github.com/kuchida1981/friii/internal/interface/graphql/generated/generated.go:2463.2,2463.17 1 0
github.com/kuchida1981/friii/internal/interface/graphql/generated/generated.go:2466.143,2470.13 4 0
github.com/kuchida1981/friii/internal/interface/graphql/generated/generated.go:2470.13,2472.3 1 0
github.com/kuchida1981/friii/internal/interface/graphql/generated/generated.go:2473.2,2473.19 1 0
github.com/kuchida1981/friii/internal/interface/graphql/generated/generated.go:2473.19,2480.20 4 0
github.com/kuchida1981/friii/internal/interface/graphql/generated/generated.go:2480.20,2481.17 1 0
github.com/kuchida1981/friii/internal/interface/graphql/generated/generated.go:2481.17,2482.33 1 0
github.com/kuchida1981/friii/internal/interface/graphql/generated/generated.go:2482.33,2485.6 2 0
github.com/kuchida1981/friii/internal/interface/graphql/generated/generated.go:2487.4,2487.15 1 0
github.com/kuchida1981/friii/internal/interface/graphql/generated/generated.go:2487.15,2489.5 1 0
github.com/kuchida1981/friii/internal/interface/graphql/generated/generated.go:2490.4,2490.66 1 0
github.com/kuchida1981/friii/internal/interface/graphql/generated/generated.go:2492.3,2492.13 1 0
github.com/kuchida1981/friii/internal/interface/graphql/generated/generated.go:2492.13,2494.4 1 0
github.com/kuchida1981/friii/internal/interface/graphql/generated/generated.go:2494.9,2496.4 1 0
github.com/kuchida1981/friii/internal/interface/graphql/generated/generated.go:2499.2,2501.24 2 0
github.com/kuchida1981/friii/internal/interface/graphql/generated/generated.go:2501.24,2502.24 1 0
github.com/kuchida1981/friii/internal/interface/graphql/generated/generated.go:2502.24,2504.4 1 0
github.com/kuchida1981/friii/internal/interface/graphql/generated/generated.go:2507.2,2507.12 1 0
github.com/kuchida1981/friii/internal/interface/graphql/generated/generated.go:2510.209,2512.2 1 0
github.com/kuchida1981/friii/internal/interface/graphql/generated/generated.go:2514.197,2516.2 1 0
github.com/kuchida1981/friii/internal/interface/graphql/generated/generated.go:2518.212,2520.2 1 0
github.com/kuchida1981/friii/internal/interface/graphql/generated/generated.go:2522.220,2526.13 4 0
github.com/kuchida1981/friii/internal/interface/graphql/generated/generated.go:2526.13,2528.3 1 0
github.com/kuchida1981/friii/internal/interface/graphql/generated/generated.go:2529.2,2529.19 1 0
github.com/kuchida1981/friii/internal/interface/graphql/generated/generated.go:2529.19,2536.20 4 0
github.com/kuchida1981/friii/internal/interface/graphql/generated/generated.go:2536.20,2537.17 1 0
github.com/kuchida1981/friii/internal/interface/graphql/generated/generated.go:2537.17,2538.33 1 0
github.com/kuchida1981/friii/internal/interface/graphql/generated/generated.go:2538.33,2541.6 2 0
github.com/kuchida1981/friii/internal/interface/graphql/generated/generated.go:2543.4,2543.15 1 0
github.com/kuchida1981/friii/internal/interface/graphql/generated/generated.go:2543.15,2545.5 1 0
github.com/kuchida1981/friii/internal/interface/graphql/generated/generated.go:2546.4,2546.125 1 0
github.com/kuchida1981/friii/internal/interface/graphql/generated/generated.go:2548.3,2548.13 1 0
github.com/kuchida1981/friii/internal/interface/graphql/generated/generated.go:2548.13,2550.4 1 0
github.com/kuchida1981/friii/internal/interface/graphql/generated/generated.go:2550.9,2552.4 1 0
github.com/kuchida1981/friii/internal/interface/graphql/generated/generated.go:2555.2,2557.24 2 0
github.com/kuchida1981/friii/internal/interface/graphql/generated/generated.go:2557.24,2558.24 1 0
github.com/kuchida1981/friii/internal/interface/graphql/generated/generated.go:2558.24,2560.4 1 0
github.com/kuchida1981/friii/internal/interface/graphql/generated/generated.go:2563.2,2563.12 1 0
github.com/kuchida1981/friii/internal/interface/graphql/generated/generated.go:2566.194,2568.2 1 0
github.com/kuchida1981/friii/internal/interface/graphql/generated/generated.go:2570.202,2574.13 4 0
github.com/kuchida1981/friii/internal/interface/graphql/generated/generated.go:2574.13,2576.3 1 0
github.com/kuchida1981/friii/internal/interface/graphql/generated/generated.go:2577.2,2577.19 1 0
github.com/kuchida1981/friii/internal/interface/graphql/generated/generated.go:2577.19,2584.20 4 0
github.com/kuchida1981/friii/internal/interface/graphql/generated/generated.go:2584.20,2585.17 1 0
github.com/kuchida1981/friii/internal/interface/graphql/generated/generated.go:2585.17,2586.33 1 0
github.com/kuchida1981/friii/internal/interface/graphql/generated/generated.go:2586.33,2589.6 2 0
github.com/kuchida1981/friii/internal/interface/graphql/generated/generated.go:2591.4,2591.15 1 0
github.com/kuchida1981/friii/internal/interface/graphql/generated/generated.go:2591.15,2593.5 1 0
github.com/kuchida1981/friii/internal/interface/graphql/generated/generated.go:2594.4,2594.113 1 0
github.com/kuchida1981/friii/internal/interface/graphql/generated/generated.go:2596.3,2596.13 1 0
github.com/kuchida1981/friii/internal/interface/graphql/generated/generated.go:2596.13,2598.4 1 0
github.com/kuchida1981/friii/internal/interface/graphql/generated/generated.go:2598.9,2600.4 1 0
github.com/kuchida1981/friii/internal/interface/graphql/generated/generated.go:2603.2,2605.24 2 0
github.com/kuchida1981/friii/internal/interface/graphql/generated/generated.go:2605.24,2606.24 1 0
github.com/kuchida1981/friii/internal/interface/graphql/generated/generated.go:2606.24,2608.4 1 0
github.com/kuchida1981/friii/internal/interface/graphql/generated/generated.go:2611.2,2611.12 1 0
github.com/kuchida1981/friii/internal/interface/graphql/generated/generated.go:2614.198,2615.14 1 0
github.com/kuchida1981/friii/internal/interface/graphql/generated/generated.go:2615.14,2616.64 1 0
github.com/kuchida1981/friii/internal/interface/graphql/generated/generated.go:2616.64,2618.4 1 0
github.com/kuchida1981/friii/internal/interface/graphql/generated/generated.go:2619.3,2619.22 1 0
github.com/kuchida1981/friii/internal/interface/graphql/generated/generated.go:2621.2,2621.32 1 0
github.com/kuchida1981/friii/internal/interface/graphql/generated/generated.go:2624.101,2627.2 2 0
github.com/kuchida1981/friii/internal/interface/graphql/generated/generated.go:2629.126,2632.25 3 0
github.com/kuchida1981/friii/internal/interface/graphql/generated/generated.go:2632.25,2633.64 1 0
github.com/kuchida1981/friii/internal/interface/graphql/generated/generated.go:2633.64,2635.4 1 0
github.com/kuchida1981/friii/internal/interface/graphql/generated/generated.go:2637.2,2637.12 1 0
github.com/kuchida1981/friii/internal/interface/graphql/generated/generated.go:2640.94,2643.2 2 0
github.com/kuchida1981/friii/internal/interface/graphql/generated/generated.go:2645.119,2650.2 4 0
github.com/kuchida1981/friii/internal/interface/graphql/generated/generated.go:2652.98,2653.14 1 0
github.com/kuchida1981/friii/internal/interface/graphql/generated/generated.go:2653.14,2655.3 1 0
github.com/kuchida1981/friii/internal/interface/graphql/generated/generated.go:2656.2,2657.44 2 0
github.com/kuchida1981/friii/internal/interface/graphql/generated/generated.go:2660.123,2661.14 1 0
github.com/kuchida1981/friii/internal/interface/graphql/generated/generated.go:2661.14,2663.3 1 0
github.com/kuchida1981/friii/internal/interface/graphql/generated/generated.go:2664.2,2667.12 4 0
github.com/kuchida1981/friii/internal/interface/graphql/generated/generated.go:2670.101,2671.14 1 0
github.com/kuchida1981/friii/internal/interface/graphql/generated/generated.go:2671.14,2673.3 1 0
github.com/kuchida1981/friii/internal/interface/graphql/generated/generated.go:2674.2,2675.44 2 0
github.com/kuchida1981/friii/internal/interface/graphql/generated/generated.go:2678.126,2679.14 1 0
github.com/kuchida1981/friii/internal/interface/graphql/generated/generated.go:2679.14,2681.3 1 0
github.com/kuchida1981/friii/internal/interface/graphql/generated/generated.go:2682.2,2685.12 4 0
github.com/kuchida1981/friii/internal/interface/graphql/generated/generated.go:2688.217,2689.14 1 0
github.com/kuchida1981/friii/internal/interface/graphql/generated/generated.go:2689.14,2691.3 1 0
github.com/kuchida1981/friii/internal/interface/graphql/generated/generated.go:2692.2,2695.13 4 0
github.com/kuchida1981/friii/internal/interface/graphql/generated/generated.go:2695.13,2697.3 1 0
github.com/kuchida1981/friii/internal/interface/graphql/generated/generated.go:2698.2,2698.19 1 0
github.com/kuchida1981/friii/internal/interface/graphql/generated/generated.go:2698.19,2705.20 4 0
github.com/kuchida1981/friii/internal/interface/graphql/generated/generated.go:2705.20,2706.17 1 0
github.com/kuchida1981/friii/internal/interface/graphql/generated/generated.go:2706.17,2707.33 1 0
github.com/kuchida1981/friii/internal/interface/graphql/generated/generated.go:2707.33,2710.6 2 0
github.com/kuchida1981/friii/internal/interface/graphql/generated/generated.go:2712.4,2712.15 1 0
github.com/kuchida1981/friii/internal/interface/graphql/generated/generated.go:2712.15,2714.5 1 0
github.com/kuchida1981/friii/internal/interface/graphql/generated/generated.go:2715.4,2715.123 1 0
github.com/kuchida1981/friii/internal/interface/graphql/generated/generated.go:2717.3,2717.13 1 0
github.com/kuchida1981/friii/internal/interface/graphql/generated/generated.go:2717.13,2719.4 1 0
github.com/kuchida1981/friii/internal/interface/graphql/generated/generated.go:2719.9,2721.4 1 0
github.com/kuchida1981/friii/internal/interface/graphql/generated/generated.go:2724.2,2726.24 2 0
github.com/kuchida1981/friii/internal/interface/graphql/generated/generated.go:2726.24,2727.24 1 0
github.com/kuchida1981/friii/internal/interface/graphql/generated/generated.go:2727.24,2729.4 1 0
github.com/kuchida1981/friii/internal/interface/graphql/generated/generated.go:2732.2,2732.12 1 0
github.com/kuchida1981/friii/internal/interface/graphql/generated/generated.go:2735.205,2736.14 1 0
github.com/kuchida1981/friii/internal/interface/graphql/generated/generated.go:2736.14,2738.3 1 0
github.com/kuchida1981/friii/internal/interface/graphql/generated/generated.go:2739.2,2742.13 4 0
github.com/kuchida1981/friii/internal/interface/graphql/generated/generated.go:2742.13,2744.3 1 0
github.com/kuchida1981/friii/internal/interface/graphql/generated/generated.go:2745.2,2745.19 1 0
github.com/kuchida1981/friii/internal/interface/graphql/generated/generated.go:2745.19,2752.20 4 0
github.com/kuchida1981/friii/internal/interface/graphql/generated/generated.go:2752.20,2753.17 1 0
github.com/kuchida1981/friii/internal/interface/graphql/generated/generated.go:2753.17,2754.33 1 0
github.com/kuchida1981/friii/internal/interface/graphql/generated/generated.go:2754.33,2757.6 2 0
github.com/kuchida1981/friii/internal/interface/graphql/generated/generated.go:2759.4,2759.15 1 0
github.com/kuchida1981/friii/internal/interface/graphql/generated/generated.go:2759.15,2761.5 1 0
github.com/kuchida1981/friii/internal/interface/graphql/generated/generated.go:2762.4,2762.115 1 0
github.com/kuchida1981/friii/internal/interface/graphql/generated/generated.go:2764.3,2764.13 1 0
github.com/kuchida1981/friii/internal/interface/graphql/generated/generated.go:2764.13,2766.4 1 0
github.com/kuchida1981/friii/internal/interface/graphql/generated/generated.go:2766.9,2768.4 1 0
github.com/kuchida1981/friii/internal/interface/graphql/generated/generated.go:2771.2,2773.24 2 0
github.com/kuchida1981/friii/internal/interface/graphql/generated/generated.go:2773.24,2774.24 1 0
github.com/kuchida1981/friii/internal/interface/graphql/generated/generated.go:2774.24,2776.4 1 0
github.com/kuchida1981/friii/internal/interface/graphql/generated/generated.go:2779.2,2779.12 1 0
github.com/kuchida1981/friii/internal/interface/graphql/generated/generated.go:2782.220,2783.14 1 0
github.com/kuchida1981/friii/internal/interface/graphql/generated/generated.go:2783.14,2785.3 1 0
github.com/kuchida1981/friii/internal/interface/graphql/generated/generated.go:2786.2,2789.13 4 0
github.com/kuchida1981/friii/internal/interface/graphql/generated/generated.go:2789.13,2791.3 1 0
github.com/kuchida1981/friii/internal/interface/graphql/generated/generated.go:2792.2,2792.19 1 0
github.com/kuchida1981/friii/internal/interface/graphql/generated/generated.go:2792.19,2799.20 4 0
github.com/kuchida1981/friii/internal/interface/graphql/generated/generated.go:2799.20,2800.17 1 0
github.com/kuchida1981/friii/internal/interface/graphql/generated/generated.go:2800.17,2801.33 1 0
github.com/kuchida1981/friii/internal/interface/graphql/generated/generated.go:2801.33,2804.6 2 0
github.com/kuchida1981/friii/internal/interface/graphql/generated/generated.go:2806.4,2806.15 1 0
github.com/kuchida1981/friii/internal/interface/graphql/generated/generated.go:2806.15,2808.5 1 0
github.com/kuchida1981/friii/internal/interface/graphql/generated/generated.go:2809.4,2809.125 1 0
github.com/kuchida1981/friii/internal/interface/graphql/generated/generated.go:2811.3,2811.13 1 0
github.com/kuchida1981/friii/internal/interface/graphql/generated/generated.go:2811.13,2813.4 1 0
github.com/kuchida1981/friii/internal/interface/graphql/generated/generated.go:2813.9,2815.4 1 0
github.com/kuchida1981/friii/internal/interface/graphql/generated/generated.go:2818.2,2820.24 2 0
github.com/kuchida1981/friii/internal/interface/graphql/generated/generated.go:2820.24,2821.24 1 0
github.com/kuchida1981/friii/internal/interface/graphql/generated/generated.go:2821.24,2823.4 1 0
github.com/kuchida1981/friii/internal/interface/graphql/generated/generated.go:2826.2,2826.12 1 0
github.com/kuchida1981/friii/internal/interface/graphql/generated/generated.go:2829.204,2830.14 1 0
github.com/kuchida1981/friii/internal/interface/graphql/generated/generated.go:2830.14,2832.3 1 0
github.com/kuchida1981/friii/internal/interface/graphql/generated/generated.go:2833.2,2833.34 1 0
github.com/kuchida1981/friii/internal/interface/graphql/generated/generated.go:2836.202,2837.14 1 0
github.com/kuchida1981/friii/internal/interface/graphql/generated/generated.go:2837.14,2839.3 1 0
github.com/kuchida1981/friii/internal/interface/graphql/generated/generated.go:2840.2,2843.13 4 0
github.com/kuchida1981/friii/internal/interface/graphql/generated/generated.go:2843.13,2845.3 1 0
github.com/kuchida1981/friii/internal/interface/graphql/generated/generated.go:2846.2,2846.19 1 0
github.com/kuchida1981/friii/internal/interface/graphql/generated/generated.go:2846.19,2853.20 4 0
github.com/kuchida1981/friii/internal/interface/graphql/generated/generated.go:2853.20,2854.17 1 0
github.com/kuchida1981/friii/internal/interface/graphql/generated/generated.go:2854.17,2855.33 1 0
github.com/kuchida1981/friii/internal/interface/graphql/generated/generated.go:2855.33,2858.6 2 0
github.com/kuchida1981/friii/internal/interface/graphql/generated/generated.go:2860.4,2860.15 1 0
github.com/kuchida1981/friii/internal/interface/graphql/generated/generated.go:2860.15,2862.5 1 0
github.com/kuchida1981/friii/internal/interface/graphql/generated/generated.go:2863.4,2863.113 1 0
github.com/kuchida1981/friii/internal/interface/graphql/generated/generated.go:2865.3,2865.13 1 0
github.com/kuchida1981/friii/internal/interface/graphql/generated/generated.go:2865.13,2867.4 1 0
github.com/kuchida1981/friii/internal/interface/graphql/generated/generated.go:2867.9,2869.4 1 0
github.com/kuchida1981/friii/internal/interface/graphql/generated/generated.go:2872.2,2874.24 2 0
github.com/kuchida1981/friii/internal/interface/graphql/generated/generated.go:2874.24,2875.24 1 0
github.com/kuchida1981/friii/internal/interface/graphql/generated/generated.go:2875.24,2877.4 1 0
github.com/kuchida1981/friii/internal/interface/graphql/generated/generated.go:2880.2,2880.12 1 0
github.com/kuchida1981/friii/internal/interface/graphql/generated/generated.go:2883.198,2884.14 1 0
github.com/kuchida1981/friii/internal/interface/graphql/generated/generated.go:2884.14,2886.3 1 0
github.com/kuchida1981/friii/internal/interface/graphql/generated/generated.go:2887.2,2887.32 1 0
